<?xml version="1.0" encoding="UTF-8"?>
<!-- Generated by org.testng.reporters.JUnitXMLReporter -->
<testsuite ignored="0" hostname="IN-2CHYZD3" failures="1" tests="5" name="Surefire test" time="205.762" errors="0" timestamp="14 Nov 2022 08:01:42 GMT">
  <testcase classname="cucumber.api.testng.AbstractTestNGCucumberTests" name="feature" time="35.209"/>
  <testcase classname="cucumber.api.testng.AbstractTestNGCucumberTests" name="feature" time="40.796"/>
  <testcase classname="cucumber.api.testng.AbstractTestNGCucumberTests" name="feature" time="45.626">
    <failure type="cucumber.runtime.CucumberException" message="java.lang.AssertionError: expected [DISPLAY_SHOW_TITLE] but found [null]">
      <![CDATA[cucumber.runtime.CucumberException: java.lang.AssertionError: expected [DISPLAY_SHOW_TITLE] but found [null]
	at cucumber.api.testng.TestNGCucumberRunner.runCucumber(TestNGCucumberRunner.java:69)
	at cucumber.api.testng.AbstractTestNGCucumberTests.feature(AbstractTestNGCucumberTests.java:21)
Caused by: java.lang.AssertionError: expected [DISPLAY_SHOW_TITLE] but found [null]
	at StepDefinitions.App.click_on_suffle_title(App.java:40)
	at âœ½.Then Click on suffle title(SApp.feature:9)
... Removed 36 stack frames]]>
    </failure>
  </testcase> <!-- feature -->
  <testcase classname="cucumber.api.testng.AbstractTestNGCucumberTests" name="feature" time="36.987"/>
  <testcase classname="cucumber.api.testng.AbstractTestNGCucumberTests" name="feature" time="46.041"/>
</testsuite> <!-- Surefire test -->
